Determining if the pthread_create exist failed with the following output:
Change Dir: /home/jamesgarforth/Documents/ORB_SLAM2/Examples/ROS/ORB_SLAM2/build/CMakeFiles/CMakeTmp

Run Build Command:/usr/bin/make "cmTryCompileExec1221112355/fast"
/usr/bin/make -f CMakeFiles/cmTryCompileExec1221112355.dir/build.make CMakeFiles/cmTryCompileExec1221112355.dir/build
make[1]: Entering directory `/home/jamesgarforth/Documents/ORB_SLAM2/Examples/ROS/ORB_SLAM2/build/CMakeFiles/CMakeTmp'
/usr/bin/cmake -E cmake_progress_report /home/jamesgarforth/Documents/ORB_SLAM2/Examples/ROS/ORB_SLAM2/build/CMakeFiles/CMakeTmp/CMakeFiles 1
Building C object CMakeFiles/cmTryCompileExec1221112355.dir/CheckSymbolExists.c.o
/usr/bin/cc    -o CMakeFiles/cmTryCompileExec1221112355.dir/CheckSymbolExists.c.o   -c /home/jamesgarforth/Documents/ORB_SLAM2/Examples/ROS/ORB_SLAM2/build/CMakeFiles/CMakeTmp/CheckSymbolExists.c
Linking C executable cmTryCompileExec1221112355
/usr/bin/cmake -E cmake_link_script CMakeFiles/cmTryCompileExec1221112355.dir/link.txt --verbose=1
/usr/bin/cc       CMakeFiles/cmTryCompileExec1221112355.dir/CheckSymbolExists.c.o  -o cmTryCompileExec1221112355 -rdynamic 
CMakeFiles/cmTryCompileExec1221112355.dir/CheckSymbolExists.c.o: In function `main':
CheckSymbolExists.c:(.text+0x16): undefined reference to `pthread_create'
collect2: error: ld returned 1 exit status
make[1]: *** [cmTryCompileExec1221112355] Error 1
make[1]: Leaving directory `/home/jamesgarforth/Documents/ORB_SLAM2/Examples/ROS/ORB_SLAM2/build/CMakeFiles/CMakeTmp'
make: *** [cmTryCompileExec1221112355/fast] Error 2

File /home/jamesgarforth/Documents/ORB_SLAM2/Examples/ROS/ORB_SLAM2/build/CMakeFiles/CMakeTmp/CheckSymbolExists.c:
/* */
#include <pthread.h>

int main(int argc, char** argv)
{
  (void)argv;
#ifndef pthread_create
  return ((int*)(&pthread_create))[argc];
#else
  (void)argc;
  return 0;
#endif
}

Determining if the function pthread_create exists in the pthreads failed with the following output:
Change Dir: /home/jamesgarforth/Documents/ORB_SLAM2/Examples/ROS/ORB_SLAM2/build/CMakeFiles/CMakeTmp

Run Build Command:/usr/bin/make "cmTryCompileExec160750706/fast"
/usr/bin/make -f CMakeFiles/cmTryCompileExec160750706.dir/build.make CMakeFiles/cmTryCompileExec160750706.dir/build
make[1]: Entering directory `/home/jamesgarforth/Documents/ORB_SLAM2/Examples/ROS/ORB_SLAM2/build/CMakeFiles/CMakeTmp'
/usr/bin/cmake -E cmake_progress_report /home/jamesgarforth/Documents/ORB_SLAM2/Examples/ROS/ORB_SLAM2/build/CMakeFiles/CMakeTmp/CMakeFiles 1
Building C object CMakeFiles/cmTryCompileExec160750706.dir/CheckFunctionExists.c.o
/usr/bin/cc   -DCHECK_FUNCTION_EXISTS=pthread_create   -o CMakeFiles/cmTryCompileExec160750706.dir/CheckFunctionExists.c.o   -c /usr/share/cmake-2.8/Modules/CheckFunctionExists.c
Linking C executable cmTryCompileExec160750706
/usr/bin/cmake -E cmake_link_script CMakeFiles/cmTryCompileExec160750706.dir/link.txt --verbose=1
/usr/bin/cc   -DCHECK_FUNCTION_EXISTS=pthread_create    CMakeFiles/cmTryCompileExec160750706.dir/CheckFunctionExists.c.o  -o cmTryCompileExec160750706 -rdynamic -lpthreads 
/usr/bin/ld: cannot find -lpthreads
collect2: error: ld returned 1 exit status
make[1]: *** [cmTryCompileExec160750706] Error 1
make[1]: Leaving directory `/home/jamesgarforth/Documents/ORB_SLAM2/Examples/ROS/ORB_SLAM2/build/CMakeFiles/CMakeTmp'
make: *** [cmTryCompileExec160750706/fast] Error 2


